<?xml version="1.0" encoding="UTF-8"?>
<!-- Generated by org.testng.reporters.JUnitReportReporter -->
<testsuite hostname="DESKTOP-1IBMQKL" failures="0" tests="4" name="api.test.TestUser" time="14.090" errors="0" timestamp="2024-09-08T13:13:26 IST" skipped="0">
  <testcase classname="api.test.TestUser" name="testCreateUser" time="7.940"/>
  <testcase classname="api.test.TestUser" name="testGetUser" time="1.403"/>
  <testcase classname="api.test.TestUser" name="testUpdateUser" time="2.493"/>
  <testcase classname="api.test.TestUser" name="testdeleteUser" time="2.254"/>
</testsuite> <!-- api.test.TestUser -->
