<?xml version="1.0" encoding="UTF-8"?>
<!-- Generated by org.testng.reporters.JUnitReportReporter -->
<testsuite hostname="DESKTOP-1IBMQKL" failures="0" tests="3" name="api.test.TestDataParamerization" time="5.167" errors="0" timestamp="2024-09-07T23:59:47 IST" skipped="0">
  <testcase classname="api.test.TestDataParamerization" name="testPostUser" time="1.062"/>
  <testcase classname="api.test.TestDataParamerization" name="testPostUser" time="3.048"/>
  <testcase classname="api.test.TestDataParamerization" name="testPostUser" time="1.057"/>
</testsuite> <!-- api.test.TestDataParamerization -->
