<?xml version="1.0" encoding="UTF-8"?>
<!-- Generated by org.testng.reporters.JUnitReportReporter -->
<testsuite hostname="DESKTOP-1IBMQKL" failures="0" tests="4" name="api.test.TestUser" time="6.647" errors="0" timestamp="2024-09-08T13:38:47 IST" skipped="0">
  <testcase classname="api.test.TestUser" name="testCreateUser" time="1.139"/>
  <testcase classname="api.test.TestUser" name="testGetUser" time="1.154"/>
  <testcase classname="api.test.TestUser" name="testUpdateUser" time="2.204"/>
  <testcase classname="api.test.TestUser" name="testdeleteUser" time="2.150"/>
</testsuite> <!-- api.test.TestUser -->
