<?xml version="1.0" encoding="UTF-8"?>
<!-- Generated by org.testng.reporters.JUnitReportReporter -->
<testsuite hostname="DESKTOP-1IBMQKL" failures="0" tests="3" name="api.test.TestDataParamerization" time="8.549" errors="0" timestamp="2024-09-08T13:38:47 IST" skipped="0">
  <testcase classname="api.test.TestDataParamerization" name="testPostUser" time="1.218"/>
  <testcase classname="api.test.TestDataParamerization" name="testPostUser" time="6.188"/>
  <testcase classname="api.test.TestDataParamerization" name="testPostUser" time="1.143"/>
</testsuite> <!-- api.test.TestDataParamerization -->
